
                         MODELLER 10.7, 2025/05/28, r13093

     PROTEIN STRUCTURE MODELLING BY SATISFACTION OF SPATIAL RESTRAINTS


                     Copyright(c) 1989-2025 Andrej Sali
                            All Rights Reserved

                             Written by A. Sali
                               with help from
              B. Webb, M.S. Madhusudhan, M-Y. Shen, G.Q. Dong,
          M.A. Marti-Renom, N. Eswar, F. Alber, M. Topf, B. Oliva,
             A. Fiser, R. Sanchez, B. Yerkovich, A. Badretdinov,
                     F. Melo, J.P. Overington, E. Feyfant
                 University of California, San Francisco, USA
                    Rockefeller University, New York, USA
                      Harvard University, Cambridge, USA
                   Imperial Cancer Research Fund, London, UK
              Birkbeck College, University of London, London, UK


Kind, OS, HostName, Kernel, Processor: 4, Windows 8 build 9200, LAPTOP-9O25CAO5, SMP, x64
Date and time of compilation         : 2025/05/28 19:09:13
MODELLER executable type             : x86_64-w64
Job starting time (YY/MM/DD HH:MM:SS): 2025/10/28 01:02:03


check_ali___> Checking pairwise structural superpositions. 

Equivalent CA pairs with distance difference larger than  6.0 angstroms:

ALN_POS TMPL1 TMPL2  RID1  RID2  NAM1  NAM2     DIST
----------------------------------------------------
     28     2     4   28    28      Q     Q    6.283
     28     3     4   28    28      Q     Q    9.697
END OF TABLE

check_ali___> Checking the sequence-structure alignment. 

Implied intrachain target CA(i)-CA(i+1) distances longer than  8.0 angstroms:

ALN_POS  TMPL  RID1  RID2  NAM1  NAM2     DIST
----------------------------------------------
END OF TABLE
read_to_681_> topology.submodel read from topology file:        3
The following 27 residues contain 6-membered rings with poor geometries
after transfer from templates. Rebuilding rings from internal coordinates:
   <Residue 34:A (type PHE)>
   <Residue 53:A (type TRP)>
   <Residue 66:A (type PHE)>
   <Residue 70:A (type TYR)>
   <Residue 87:A (type PHE)>
   <Residue 102:A (type PHE)>
   <Residue 107:A (type TYR)>
   <Residue 138:A (type PHE)>
   <Residue 173:A (type PHE)>
   <Residue 191:A (type PHE)>
   <Residue 202:A (type TYR)>
   <Residue 237:A (type PHE)>
   <Residue 241:A (type PHE)>
   <Residue 249:A (type TYR)>
   <Residue 253:A (type PHE)>
   <Residue 308:A (type TYR)>
   <Residue 343:A (type TYR)>
   <Residue 373:A (type PHE)>
   <Residue 401:A (type TYR)>
   <Residue 412:A (type PHE)>
   <Residue 413:A (type PHE)>
   <Residue 437:A (type TYR)>
   <Residue 445:A (type PHE)>
   <Residue 452:A (type PHE)>
   <Residue 465:A (type PHE)>
   <Residue 484:A (type TYR)>
   <Residue 503:A (type TYR)>
mdtrsr__446W> A potential that relies on one protein is used, yet you have at
              least one known structure available. MDT, not library, potential is used.
0 atoms in HETATM/BLK residues constrained
to protein atoms within 2.30 angstroms
and protein CA atoms within 10.00 angstroms
0 atoms in residues without defined topology
constrained to be rigid bodies
condens_443_> Restraints marked for deletion were removed.
              Total number of restraints before, now:    62308    58567
iupac_m_397W> Atoms were not swapped because of the uncertainty of how to handle the H atom.
iupac_m_397W> Atoms were not swapped because of the uncertainty of how to handle the H atom.
iupac_m_397W> Atoms were not swapped because of the uncertainty of how to handle the H atom.
iupac_m_397W> Atoms were not swapped because of the uncertainty of how to handle the H atom.
iupac_m_397W> Atoms were not swapped because of the uncertainty of how to handle the H atom.
iupac_m_484W> Dihedral still outside +-90:      -90.1485


>> ENERGY; Differences between the model's features and restraints:
Number of all residues in MODEL                   :      515
Number of all, selected real atoms                :     4176    4176
Number of all, selected pseudo atoms              :        0       0
Number of all static, selected restraints         :    58567   58567
COVALENT_CYS                                      :        F
NONBONDED_SEL_ATOMS                               :        1
Number of non-bonded pairs (excluding 1-2,1-3,1-4):     8333
Dynamic pairs routine                             : 2, NATM x NATM cell sorting
Atomic shift for contacts update (UPDATE_DYNAMIC) :    0.390
LENNARD_JONES_SWITCH                              :    6.500   7.500
COULOMB_JONES_SWITCH                              :    6.500   7.500
RESIDUE_SPAN_RANGE                                :        0   99999
NLOGN_USE                                         :       15
CONTACT_SHELL                                     :    4.000
DYNAMIC_PAIRS,_SPHERE,_COULOMB,_LENNARD,_MODELLER :        T       T       F       F       F
SPHERE_STDV                                       :    0.050
RADII_FACTOR                                      :    0.820
Current energy                                    :       22870.9238





Summary of the restraint violations: 

   NUM     ... number of restraints.
   NUMVI   ... number of restraints with RVIOL > VIOL_REPORT_CUT[i].
   RVIOL   ... relative difference from the best value.
   NUMVP   ... number of restraints with -Ln(pdf) > VIOL_REPORT_CUT2[i].
   RMS_1   ... RMS(feature, minimally_violated_basis_restraint, NUMB).
   RMS_2   ... RMS(feature, best_value, NUMB).
   MOL.PDF ... scaled contribution to -Ln(Molecular pdf).

 #                     RESTRAINT_GROUP      NUM   NUMVI  NUMVP   RMS_1   RMS_2         MOL.PDF     S_i
------------------------------------------------------------------------------------------------------
 1 Bond length potential              :    4275       0      0   0.005   0.005      29.787       1.000
 2 Bond angle potential               :    5781       0     13   1.998   1.998      451.92       1.000
 3 Stereochemical cosine torsion poten:    2753       0     70  46.644  46.644      928.01       1.000
 4 Stereochemical improper torsion pot:    1790       0      0   1.216   1.216      54.740       1.000
 5 Soft-sphere overlap restraints     :    8333       0      0   0.001   0.001      1.1098       1.000
 6 Lennard-Jones 6-12 potential       :       0       0      0   0.000   0.000      0.0000       1.000
 7 Coulomb point-point electrostatic p:       0       0      0   0.000   0.000      0.0000       1.000
 8 H-bonding potential                :       0       0      0   0.000   0.000      0.0000       1.000
 9 Distance restraints 1 (CA-CA)      :   10943       0      1   0.138   0.138      2251.8       1.000
10 Distance restraints 2 (N-O)        :   11021       0      0   0.171   0.171      2808.7       1.000
11 Mainchain Phi dihedral restraints  :       0       0      0   0.000   0.000      0.0000       1.000
12 Mainchain Psi dihedral restraints  :       0       0      0   0.000   0.000      0.0000       1.000
13 Mainchain Omega dihedral restraints:     514       1      2   8.913   8.913      100.17       1.000
14 Sidechain Chi_1 dihedral restraints:     450       0      4  49.534  49.534      42.343       1.000
15 Sidechain Chi_2 dihedral restraints:     361       0      3  60.059  60.059      130.00       1.000
16 Sidechain Chi_3 dihedral restraints:     162       0      1  74.202  74.202      111.30       1.000
17 Sidechain Chi_4 dihedral restraints:      63       0      0  91.169  91.169      42.483       1.000
18 Disulfide distance restraints      :       0       0      0   0.000   0.000      0.0000       1.000
19 Disulfide angle restraints         :       0       0      0   0.000   0.000      0.0000       1.000
20 Disulfide dihedral angle restraints:       0       0      0   0.000   0.000      0.0000       1.000
21 Lower bound distance restraints    :       0       0      0   0.000   0.000      0.0000       1.000
22 Upper bound distance restraints    :       0       0      0   0.000   0.000      0.0000       1.000
23 Distance restraints 3 (SDCH-MNCH)  :   10561       0      0   0.398   0.398      7595.4       1.000
24 Sidechain Chi_5 dihedral restraints:       0       0      0   0.000   0.000      0.0000       1.000
25 Phi/Psi pair of dihedral restraints:     513      27     28  22.379  42.771      31.453       1.000
26 Distance restraints 4 (SDCH-SDCH)  :    9380       0      2   0.728   0.728      8291.7       1.000
27 Distance restraints 5 (X-Y)        :       0       0      0   0.000   0.000      0.0000       1.000
28 NMR distance restraints 6 (X-Y)    :       0       0      0   0.000   0.000      0.0000       1.000
29 NMR distance restraints 7 (X-Y)    :       0       0      0   0.000   0.000      0.0000       1.000
30 Minimal distance restraints        :       0       0      0   0.000   0.000      0.0000       1.000
31 Non-bonded restraints              :       0       0      0   0.000   0.000      0.0000       1.000
32 Atomic accessibility restraints    :       0       0      0   0.000   0.000      0.0000       1.000
33 Atomic density restraints          :       0       0      0   0.000   0.000      0.0000       1.000
34 Absolute position restraints       :       0       0      0   0.000   0.000      0.0000       1.000
35 Dihedral angle difference restraint:       0       0      0   0.000   0.000      0.0000       1.000
36 GBSA implicit solvent potential    :       0       0      0   0.000   0.000      0.0000       1.000
37 EM density fitting potential       :       0       0      0   0.000   0.000      0.0000       1.000
38 SAXS restraints                    :       0       0      0   0.000   0.000      0.0000       1.000
39 Symmetry restraints                :       0       0      0   0.000   0.000      0.0000       1.000



# Heavy relative violation of each residue is written to: P11413.V99990001
# The profile is NOT normalized by the number of restraints.
# The profiles are smoothed over a window of residues:    1
# The sum of all numbers in the file:   51130.3242



List of the violated restraints:
   A restraint is violated when the relative difference
   from the best value (RVIOL) is larger than CUTOFF.

   ICSR   ... index of a restraint in the current set.
   RESNO  ... residue numbers of the first two atoms.
   ATM    ... IUPAC atom names of the first two atoms.
   FEAT   ... the value of the feature in the model.
   restr  ... the mean of the basis restraint with the smallest
              difference from the model (local minimum).
   viol   ... difference from the local minimum.
   rviol  ... relative difference from the local minimum.
   RESTR  ... the best value (global minimum).
   VIOL   ... difference from the best value.
   RVIOL  ... relative difference from the best value.


-------------------------------------------------------------------------------------------------

Feature 13                           : Mainchain Omega dihedral restraints     
List of the RVIOL violations larger than   :       4.5000

    #   ICSR  RESNO1/2 ATM1/2   INDATM1/2    FEAT   restr    viol   rviol   RESTR    VIOL   RVIOL
    1  15283 171K 171K CA  C    1374 1380    0.31 -179.18  179.49   41.73 -179.18  179.49   41.73

-------------------------------------------------------------------------------------------------

Feature 25                           : Phi/Psi pair of dihedral restraints     
List of the RVIOL violations larger than   :       6.5000

    #   ICSR  RESNO1/2 ATM1/2   INDATM1/2    FEAT   restr    viol   rviol   RESTR    VIOL   RVIOL
    1  14600   1M   2A C   N       7    9  -67.60  -68.20    1.23    0.12  -62.50  172.80   28.57
    1          2A   2A N   CA      9   10  146.38  145.30                  -40.90
    2  14601   2A   3E C   N      12   14  -80.00  -69.30   17.75    1.01  -63.60  163.87   22.76
    2          3E   3E N   CA     14   15  156.65  142.50                  -40.30
    3  14602   3E   4Q C   N      21   23  -72.37  -73.00   12.83    0.85  -63.80  166.41   24.92
    3          4Q   4Q N   CA     23   24  153.51  140.70                  -40.30
    4  14604   5V   6A C   N      37   39  -87.04  -68.20   19.62    1.83  -62.50 -179.06   30.92
    4          6A   6A N   CA     39   40  139.83  145.30                  -40.90
    5  14605   6A   7L C   N      42   44 -114.60 -108.50   39.76    2.08  -63.50  155.63   24.77
    5          7L   7L N   CA     44   45  171.79  132.50                  -41.20
    6  14607   8S   9R C   N      56   58  -71.22  -72.10   19.29    1.50  -63.00  157.95   21.89
    6          9R   9R N   CA     58   59  161.17  141.90                  -41.10
    7  14608   9R  10T C   N      67   69  -75.88  -78.10   11.12    0.55  -63.20  157.72   21.07
    7         10T  10T N   CA     69   70  160.69  149.80                  -42.10
    8  14609  10T  11Q C   N      74   76  -73.93  -73.00   25.84    1.67  -63.80  153.51   23.11
    8         11Q  11Q N   CA     76   77  166.52  140.70                  -40.30
    9  14612  13C  14G C   N      96   98   79.58   78.70   13.92    0.43   82.20  160.73    7.94
    9         14G  14G N   CA     98   99 -152.21 -166.10                    8.50
   10  14614  15I  16L C   N     108  110  -73.44  -70.70    9.89    0.86  -63.50  173.58   23.55
   10         16L  16L N   CA    110  111  132.10  141.60                  -41.20
   11  14615  16L  17R C   N     116  118  -72.01  -72.10    0.87    0.06  -63.00  178.10   24.67
   11         17R  17R N   CA    118  119  141.03  141.90                  -41.10
   12  14616  17R  18E C   N     127  129  -78.55  -69.30   24.12    2.12  -63.60  161.22   20.71
   12         18E  18E N   CA    129  130  120.23  142.50                  -40.30
   13  14617  18E  19E C   N     136  138 -109.15 -117.80   12.96    0.43  -63.60  173.54   20.98
   13         19E  19E N   CA    138  139  127.15  136.80                  -40.30
   14  14618  19E  20L C   N     145  147  -74.46  -70.70    6.90    0.66  -63.50  177.36   24.02
   14         20L  20L N   CA    147  148  135.82  141.60                  -41.20
   15  14619  20L  21F C   N     153  155 -101.73 -124.20   29.11    1.58  -63.20  158.64   24.61
   15         21F  21F N   CA    155  156  161.81  143.30                  -44.30
   16  14621  22Q  23G C   N     173  175  -63.65  -62.40    1.51    0.29   82.20  154.37   11.75
   16         23G  23G N   CA    175  176  -42.05  -41.20                    8.50
   17  14622  23G  24D C   N     177  179  -68.70  -70.90   10.96    0.65  -63.30  159.06   19.96
   17         24D  24D N   CA    179  180  161.04  150.30                  -40.00
   18  14623  24D  25A C   N     185  187 -161.49 -134.00   39.84    1.23  -62.50  174.14   33.77
   18         25A  25A N   CA    187  188  175.83  147.00                  -40.90
   19  14624  25A  26F C   N     190  192 -104.75 -124.20   26.32    0.69  -63.20  174.88   21.67
   19         26F  26F N   CA    192  193  125.57  143.30                  -44.30
   20  14739 140L 141A C   N    1134 1136 -100.73 -134.00   83.41    3.70  -62.50  117.78   17.86
   20        141A 141A N   CA   1136 1137   70.51  147.00                  -40.90
   21  14844 245G 246R C   N    1992 1994 -112.51 -125.20   89.54    4.03  -63.00  105.42   11.95
   21        246R 246R N   CA   1994 1995   51.97  140.60                  -41.10
   22  14860 261Q 262N C   N    2125 2127 -109.77  -63.20   54.05    8.89  -63.20   54.05    8.89
   22        262N 262N N   CA   2127 2128  -68.52  -41.10                  -41.10
   23  14900 301N 302N C   N    2433 2435 -103.14  -63.20   86.47    9.31  -63.20   86.47    9.31
   23        302N 302N N   CA   2435 2436   35.60  -41.10                  -41.10
   24  14911 312P 313D C   N    2514 2516 -109.54  -96.50   77.50    3.24  -63.30   90.51    9.62
   24        313D 313D N   CA   2516 2517   37.81  114.20                  -40.00
   25  15110 511N 512P C   N    4140 4142  -72.65  -58.70   14.53    1.60  -64.50  173.80   13.40
   25        512P 512P N   CA   4142 4143  -26.41  -30.50                  147.20
   26  15111 512P 513H C   N    4147 4149   51.83  -63.20  146.59   17.32 -125.60 -161.94    8.50
   26        513H 513H N   CA   4149 4150 -133.17  -42.30                  138.80
   27  15112 513H 514K C   N    4157 4159  -84.64  -70.20   33.52    2.72   56.60  158.33   13.89
   27        514K 514K N   CA   4159 4160  110.14  140.40                   38.60


report______> Distribution of short non-bonded contacts:


DISTANCE1:  0.00 2.10 2.20 2.30 2.40 2.50 2.60 2.70 2.80 2.90 3.00 3.10 3.20 3.30 3.40
DISTANCE2:  2.10 2.20 2.30 2.40 2.50 2.60 2.70 2.80 2.90 3.00 3.10 3.20 3.30 3.40 3.50
FREQUENCY:     0    0    0    0    0   13   47   98  237  338  323  441  585  627  676


<< end of ENERGY.
iupac_m_397W> Atoms were not swapped because of the uncertainty of how to handle the H atom.
iupac_m_397W> Atoms were not swapped because of the uncertainty of how to handle the H atom.
iupac_m_397W> Atoms were not swapped because of the uncertainty of how to handle the H atom.
iupac_m_397W> Atoms were not swapped because of the uncertainty of how to handle the H atom.
iupac_m_397W> Atoms were not swapped because of the uncertainty of how to handle the H atom.
iupac_m_397W> Atoms were not swapped because of the uncertainty of how to handle the H atom.
iupac_m_397W> Atoms were not swapped because of the uncertainty of how to handle the H atom.
iupac_m_397W> Atoms were not swapped because of the uncertainty of how to handle the H atom.
iupac_m_397W> Atoms were not swapped because of the uncertainty of how to handle the H atom.


>> ENERGY; Differences between the model's features and restraints:
Number of all residues in MODEL                   :      515
Number of all, selected real atoms                :     4176    4176
Number of all, selected pseudo atoms              :        0       0
Number of all static, selected restraints         :    58567   58567
COVALENT_CYS                                      :        F
NONBONDED_SEL_ATOMS                               :        1
Number of non-bonded pairs (excluding 1-2,1-3,1-4):     8347
Dynamic pairs routine                             : 2, NATM x NATM cell sorting
Atomic shift for contacts update (UPDATE_DYNAMIC) :    0.390
LENNARD_JONES_SWITCH                              :    6.500   7.500
COULOMB_JONES_SWITCH                              :    6.500   7.500
RESIDUE_SPAN_RANGE                                :        0   99999
NLOGN_USE                                         :       15
CONTACT_SHELL                                     :    4.000
DYNAMIC_PAIRS,_SPHERE,_COULOMB,_LENNARD,_MODELLER :        T       T       F       F       F
SPHERE_STDV                                       :    0.050
RADII_FACTOR                                      :    0.820
Current energy                                    :       22728.6230





Summary of the restraint violations: 

   NUM     ... number of restraints.
   NUMVI   ... number of restraints with RVIOL > VIOL_REPORT_CUT[i].
   RVIOL   ... relative difference from the best value.
   NUMVP   ... number of restraints with -Ln(pdf) > VIOL_REPORT_CUT2[i].
   RMS_1   ... RMS(feature, minimally_violated_basis_restraint, NUMB).
   RMS_2   ... RMS(feature, best_value, NUMB).
   MOL.PDF ... scaled contribution to -Ln(Molecular pdf).

 #                     RESTRAINT_GROUP      NUM   NUMVI  NUMVP   RMS_1   RMS_2         MOL.PDF     S_i
------------------------------------------------------------------------------------------------------
 1 Bond length potential              :    4275       0      0   0.005   0.005      27.105       1.000
 2 Bond angle potential               :    5781       0     13   1.940   1.940      427.73       1.000
 3 Stereochemical cosine torsion poten:    2753       0     68  46.992  46.992      934.13       1.000
 4 Stereochemical improper torsion pot:    1790       0      0   1.128   1.128      47.771       1.000
 5 Soft-sphere overlap restraints     :    8347       0      0   0.001   0.001      1.4645       1.000
 6 Lennard-Jones 6-12 potential       :       0       0      0   0.000   0.000      0.0000       1.000
 7 Coulomb point-point electrostatic p:       0       0      0   0.000   0.000      0.0000       1.000
 8 H-bonding potential                :       0       0      0   0.000   0.000      0.0000       1.000
 9 Distance restraints 1 (CA-CA)      :   10943       0      2   0.134   0.134      2239.3       1.000
10 Distance restraints 2 (N-O)        :   11021      12      0   0.191   0.191      2797.2       1.000
11 Mainchain Phi dihedral restraints  :       0       0      0   0.000   0.000      0.0000       1.000
12 Mainchain Psi dihedral restraints  :       0       0      0   0.000   0.000      0.0000       1.000
13 Mainchain Omega dihedral restraints:     514       1      3   8.850   8.850      96.255       1.000
14 Sidechain Chi_1 dihedral restraints:     450       0      3  51.452  51.452      37.284       1.000
15 Sidechain Chi_2 dihedral restraints:     361       0      1  58.083  58.083      104.72       1.000
16 Sidechain Chi_3 dihedral restraints:     162       0      1  76.743  76.743      105.89       1.000
17 Sidechain Chi_4 dihedral restraints:      63       0      0  97.173  97.173      39.688       1.000
18 Disulfide distance restraints      :       0       0      0   0.000   0.000      0.0000       1.000
19 Disulfide angle restraints         :       0       0      0   0.000   0.000      0.0000       1.000
20 Disulfide dihedral angle restraints:       0       0      0   0.000   0.000      0.0000       1.000
21 Lower bound distance restraints    :       0       0      0   0.000   0.000      0.0000       1.000
22 Upper bound distance restraints    :       0       0      0   0.000   0.000      0.0000       1.000
23 Distance restraints 3 (SDCH-MNCH)  :   10561       0      0   0.403   0.403      7595.1       1.000
24 Sidechain Chi_5 dihedral restraints:       0       0      0   0.000   0.000      0.0000       1.000
25 Phi/Psi pair of dihedral restraints:     513      31     34  22.484  45.695      27.735       1.000
26 Distance restraints 4 (SDCH-SDCH)  :    9380       0      0   0.710   0.710      8247.3       1.000
27 Distance restraints 5 (X-Y)        :       0       0      0   0.000   0.000      0.0000       1.000
28 NMR distance restraints 6 (X-Y)    :       0       0      0   0.000   0.000      0.0000       1.000
29 NMR distance restraints 7 (X-Y)    :       0       0      0   0.000   0.000      0.0000       1.000
30 Minimal distance restraints        :       0       0      0   0.000   0.000      0.0000       1.000
31 Non-bonded restraints              :       0       0      0   0.000   0.000      0.0000       1.000
32 Atomic accessibility restraints    :       0       0      0   0.000   0.000      0.0000       1.000
33 Atomic density restraints          :       0       0      0   0.000   0.000      0.0000       1.000
34 Absolute position restraints       :       0       0      0   0.000   0.000      0.0000       1.000
35 Dihedral angle difference restraint:       0       0      0   0.000   0.000      0.0000       1.000
36 GBSA implicit solvent potential    :       0       0      0   0.000   0.000      0.0000       1.000
37 EM density fitting potential       :       0       0      0   0.000   0.000      0.0000       1.000
38 SAXS restraints                    :       0       0      0   0.000   0.000      0.0000       1.000
39 Symmetry restraints                :       0       0      0   0.000   0.000      0.0000       1.000



# Heavy relative violation of each residue is written to: P11413.V99990002
# The profile is NOT normalized by the number of restraints.
# The profiles are smoothed over a window of residues:    1
# The sum of all numbers in the file:   50538.3633



List of the violated restraints:
   A restraint is violated when the relative difference
   from the best value (RVIOL) is larger than CUTOFF.

   ICSR   ... index of a restraint in the current set.
   RESNO  ... residue numbers of the first two atoms.
   ATM    ... IUPAC atom names of the first two atoms.
   FEAT   ... the value of the feature in the model.
   restr  ... the mean of the basis restraint with the smallest
              difference from the model (local minimum).
   viol   ... difference from the local minimum.
   rviol  ... relative difference from the local minimum.
   RESTR  ... the best value (global minimum).
   VIOL   ... difference from the best value.
   RVIOL  ... relative difference from the best value.


-------------------------------------------------------------------------------------------------

Feature 10                           : Distance restraints 2 (N-O)             
List of the RVIOL violations larger than   :       4.5000

    #   ICSR  RESNO1/2 ATM1/2   INDATM1/2    FEAT   restr    viol   rviol   RESTR    VIOL   RVIOL
    1  36801 427R 424Y N   O    3423 3410    5.64    3.41    2.23    5.42    3.41    2.23    5.42
    2  36813 428Y 424Y N   O    3434 3410    6.02    2.76    3.26    6.02    2.76    3.26    6.02
    3  36822 429K 424Y N   O    3446 3410    6.62    3.99    2.63    4.91    3.99    2.63    4.91
    4  36830 430N 424Y N   O    3455 3410    9.23    6.32    2.91    5.52    6.32    2.91    5.52
    5  36838 431V 424Y N   O    3463 3410    9.53    6.61    2.92    5.46    6.61    2.92    5.46

-------------------------------------------------------------------------------------------------

Feature 13                           : Mainchain Omega dihedral restraints     
List of the RVIOL violations larger than   :       4.5000

    #   ICSR  RESNO1/2 ATM1/2   INDATM1/2    FEAT   restr    viol   rviol   RESTR    VIOL   RVIOL
    1  15283 171K 171K CA  C    1374 1380   -0.37 -179.18  178.81   41.57 -179.18  178.81   41.57

-------------------------------------------------------------------------------------------------

Feature 25                           : Phi/Psi pair of dihedral restraints     
List of the RVIOL violations larger than   :       6.5000

    #   ICSR  RESNO1/2 ATM1/2   INDATM1/2    FEAT   restr    viol   rviol   RESTR    VIOL   RVIOL
    1  14600   1M   2A C   N       7    9  -71.73  -68.20    3.77    0.27  -62.50  172.70   28.76
    1          2A   2A N   CA      9   10  146.64  145.30                  -40.90
    2  14601   2A   3E C   N      12   14  -91.42  -69.30   22.16    1.72  -63.60 -179.46   25.64
    2          3E   3E N   CA     14   15  141.31  142.50                  -40.30
    3  14602   3E   4Q C   N      21   23 -100.32 -121.10   30.01    1.54  -63.80  162.50   25.85
    3          4Q   4Q N   CA     23   24  161.36  139.70                  -40.30
    4  14603   4Q   5V C   N      30   32  -59.37  -62.40    7.12    0.78 -125.40 -179.63   10.17
    4          5V   5V N   CA     32   33  -48.84  -42.40                  143.30
    5  14604   5V   6A C   N      37   39  -70.42  -68.20    2.28    0.21  -62.50  174.52   29.00
    5          6A   6A N   CA     39   40  144.76  145.30                  -40.90
    6  14605   6A   7L C   N      42   44  -72.03  -70.70    6.95    0.58  -63.50  176.18   23.99
    6          7L   7L N   CA     44   45  134.77  141.60                  -41.20
    7  14606   7L   8S C   N      50   52  -73.53  -72.40   10.23    0.64  -64.10  177.48   12.33
    7          8S   8S N   CA     52   53  142.23  152.40                  -35.00
    8  14607   8S   9R C   N      56   58 -145.64 -125.20   20.98    0.72  -63.00 -167.79   31.60
    8          9R   9R N   CA     58   59  145.36  140.60                  -41.10
    9  14608   9R  10T C   N      67   69  -97.11  -78.10   48.02    1.59  -63.20  128.56   18.75
    9         10T  10T N   CA     69   70 -166.11  149.80                  -42.10
   10  14609  10T  11Q C   N      74   76  -73.10  -73.00   13.75    0.90  -63.80  167.51   24.15
   10         11Q  11Q N   CA     76   77  126.95  140.70                  -40.30
   11  14612  13C  14G C   N      96   98  -66.19  -80.20   44.49    1.14   82.20 -167.02    6.73
   11         14G  14G N   CA     98   99  131.87  174.10                    8.50
   12  14614  15I  16L C   N     108  110  -98.44 -108.50   19.86    1.13  -63.50  172.74   26.11
   12         16L  16L N   CA    110  111  149.63  132.50                  -41.20
   13  14615  16L  17R C   N     116  118  -73.72  -72.10    5.70    0.40  -63.00  171.87   23.95
   13         17R  17R N   CA    118  119  147.36  141.90                  -41.10
   14  14616  17R  18E C   N     127  129  -81.85  -69.30   19.95    1.83  -63.60  168.29   21.49
   14         18E  18E N   CA    129  130  126.99  142.50                  -40.30
   15  14617  18E  19E C   N     136  138 -154.87 -117.80   45.86    1.37  -63.60 -179.34   29.12
   15         19E  19E N   CA    138  139  163.79  136.80                  -40.30
   16  14618  19E  20L C   N     145  147  -82.43 -108.50   57.87    2.80  -63.50  123.50   16.16
   16         20L  20L N   CA    147  148   80.84  132.50                  -41.20
   17  14619  20L  21F C   N     153  155 -150.95 -124.20   38.11    1.03  -63.20  169.71   29.07
   17         21F  21F N   CA    155  156  170.44  143.30                  -44.30
   18  14620  21F  22Q C   N     164  166  -80.70  -73.00    8.55    0.53  -63.80  176.09   26.79
   18         22Q  22Q N   CA    166  167  144.42  140.70                  -40.30
   19  14621  22Q  23G C   N     173  175  -80.03  -80.20   23.70    0.92   82.20 -144.47    7.29
   19         23G  23G N   CA    175  176  150.40  174.10                    8.50
   20  14622  23G  24D C   N     177  179  -84.89  -70.90   20.01    0.80  -63.30  156.90   20.73
   20         24D  24D N   CA    179  180  164.60  150.30                  -40.00
   21  14623  24D  25A C   N     185  187 -175.22 -134.00   50.42    1.26  -62.50 -177.86   35.74
   21         25A  25A N   CA    187  188  176.04  147.00                  -40.90
   22  14624  25A  26F C   N     190  192  -60.52  -71.40   18.89    1.17  -63.20  169.58   23.73
   22         26F  26F N   CA    192  193  125.26  140.70                  -44.30
   23  14739 140L 141A C   N    1134 1136 -100.68 -134.00   82.94    3.67  -62.50  118.27   17.94
   23        141A 141A N   CA   1136 1137   71.04  147.00                  -40.90
   24  14844 245G 246R C   N    1992 1994 -112.10 -125.20   90.95    4.09  -63.00  104.01   11.79
   24        246R 246R N   CA   1994 1995   50.60  140.60                  -41.10
   25  14860 261Q 262N C   N    2125 2127 -109.36  -63.20   52.90    8.70  -63.20   52.90    8.70
   25        262N 262N N   CA   2127 2128  -66.92  -41.10                  -41.10
   26  14900 301N 302N C   N    2433 2435 -109.99 -119.90   85.23    3.64  -63.20  104.50   11.27
   26        302N 302N N   CA   2435 2436   52.34  137.00                  -41.10
   27  14911 312P 313D C   N    2514 2516 -102.44  -96.50   80.68    3.38  -63.30   83.48    8.86
   27        313D 313D N   CA   2516 2517   33.74  114.20                  -40.00
   28  15022 423T 424Y C   N    3397 3399  -78.55  -98.40   20.16    0.81  -63.50  175.97   27.16
   28        424Y 424Y N   CA   3399 3400  131.92  128.40                  -43.40
   29  15023 424Y 425G C   N    3409 3411  117.52   82.20   65.77    1.81  -62.40 -179.99   31.92
   29        425G 425G N   CA   3411 3412  -46.98    8.50                  -41.20
   30  15110 511N 512P C   N    4140 4142  -69.40  -58.70   15.93    2.13  -64.50  170.57   12.47
   30        512P 512P N   CA   4142 4143  -42.30  -30.50                  147.20
   31  15112 513H 514K C   N    4157 4159  -72.00  -62.90    9.85    1.41   56.60  149.20   19.05
   31        514K 514K N   CA   4159 4160  -37.03  -40.80                   38.60


report______> Distribution of short non-bonded contacts:


DISTANCE1:  0.00 2.10 2.20 2.30 2.40 2.50 2.60 2.70 2.80 2.90 3.00 3.10 3.20 3.30 3.40
DISTANCE2:  2.10 2.20 2.30 2.40 2.50 2.60 2.70 2.80 2.90 3.00 3.10 3.20 3.30 3.40 3.50
FREQUENCY:     0    0    0    0    0   17   42  101  232  333  328  441  568  612  671


<< end of ENERGY.
iupac_m_397W> Atoms were not swapped because of the uncertainty of how to handle the H atom.
iupac_m_397W> Atoms were not swapped because of the uncertainty of how to handle the H atom.
iupac_m_397W> Atoms were not swapped because of the uncertainty of how to handle the H atom.
iupac_m_397W> Atoms were not swapped because of the uncertainty of how to handle the H atom.
iupac_m_397W> Atoms were not swapped because of the uncertainty of how to handle the H atom.
iupac_m_397W> Atoms were not swapped because of the uncertainty of how to handle the H atom.


>> ENERGY; Differences between the model's features and restraints:
Number of all residues in MODEL                   :      515
Number of all, selected real atoms                :     4176    4176
Number of all, selected pseudo atoms              :        0       0
Number of all static, selected restraints         :    58567   58567
COVALENT_CYS                                      :        F
NONBONDED_SEL_ATOMS                               :        1
Number of non-bonded pairs (excluding 1-2,1-3,1-4):     8335
Dynamic pairs routine                             : 2, NATM x NATM cell sorting
Atomic shift for contacts update (UPDATE_DYNAMIC) :    0.390
LENNARD_JONES_SWITCH                              :    6.500   7.500
COULOMB_JONES_SWITCH                              :    6.500   7.500
RESIDUE_SPAN_RANGE                                :        0   99999
NLOGN_USE                                         :       15
CONTACT_SHELL                                     :    4.000
DYNAMIC_PAIRS,_SPHERE,_COULOMB,_LENNARD,_MODELLER :        T       T       F       F       F
SPHERE_STDV                                       :    0.050
RADII_FACTOR                                      :    0.820
Current energy                                    :       22961.2734





Summary of the restraint violations: 

   NUM     ... number of restraints.
   NUMVI   ... number of restraints with RVIOL > VIOL_REPORT_CUT[i].
   RVIOL   ... relative difference from the best value.
   NUMVP   ... number of restraints with -Ln(pdf) > VIOL_REPORT_CUT2[i].
   RMS_1   ... RMS(feature, minimally_violated_basis_restraint, NUMB).
   RMS_2   ... RMS(feature, best_value, NUMB).
   MOL.PDF ... scaled contribution to -Ln(Molecular pdf).

 #                     RESTRAINT_GROUP      NUM   NUMVI  NUMVP   RMS_1   RMS_2         MOL.PDF     S_i
------------------------------------------------------------------------------------------------------
 1 Bond length potential              :    4275       0      0   0.005   0.005      26.626       1.000
 2 Bond angle potential               :    5781       1     17   1.958   1.958      437.56       1.000
 3 Stereochemical cosine torsion poten:    2753       0     76  47.110  47.110      939.74       1.000
 4 Stereochemical improper torsion pot:    1790       0      0   1.151   1.151      49.358       1.000
 5 Soft-sphere overlap restraints     :    8335       0      0   0.001   0.001      1.5828       1.000
 6 Lennard-Jones 6-12 potential       :       0       0      0   0.000   0.000      0.0000       1.000
 7 Coulomb point-point electrostatic p:       0       0      0   0.000   0.000      0.0000       1.000
 8 H-bonding potential                :       0       0      0   0.000   0.000      0.0000       1.000
 9 Distance restraints 1 (CA-CA)      :   10943       0      2   0.135   0.135      2238.8       1.000
10 Distance restraints 2 (N-O)        :   11021      19     28   0.249   0.249      2959.0       1.000
11 Mainchain Phi dihedral restraints  :       0       0      0   0.000   0.000      0.0000       1.000
12 Mainchain Psi dihedral restraints  :       0       0      0   0.000   0.000      0.0000       1.000
13 Mainchain Omega dihedral restraints:     514       1      4   8.674   8.674      97.509       1.000
14 Sidechain Chi_1 dihedral restraints:     450       0      5  52.782  52.782      32.283       1.000
15 Sidechain Chi_2 dihedral restraints:     361       0      3  59.211  59.211      102.45       1.000
16 Sidechain Chi_3 dihedral restraints:     162       0      0  74.252  74.252      104.59       1.000
17 Sidechain Chi_4 dihedral restraints:      63       0      0  90.000  90.000      43.050       1.000
18 Disulfide distance restraints      :       0       0      0   0.000   0.000      0.0000       1.000
19 Disulfide angle restraints         :       0       0      0   0.000   0.000      0.0000       1.000
20 Disulfide dihedral angle restraints:       0       0      0   0.000   0.000      0.0000       1.000
21 Lower bound distance restraints    :       0       0      0   0.000   0.000      0.0000       1.000
22 Upper bound distance restraints    :       0       0      0   0.000   0.000      0.0000       1.000
23 Distance restraints 3 (SDCH-MNCH)  :   10561       0      0   0.418   0.418      7617.0       1.000
24 Sidechain Chi_5 dihedral restraints:       0       0      0   0.000   0.000      0.0000       1.000
25 Phi/Psi pair of dihedral restraints:     513      35     39  23.730  48.427      49.134       1.000
26 Distance restraints 4 (SDCH-SDCH)  :    9380       0      1   0.712   0.712      8262.6       1.000
27 Distance restraints 5 (X-Y)        :       0       0      0   0.000   0.000      0.0000       1.000
28 NMR distance restraints 6 (X-Y)    :       0       0      0   0.000   0.000      0.0000       1.000
29 NMR distance restraints 7 (X-Y)    :       0       0      0   0.000   0.000      0.0000       1.000
30 Minimal distance restraints        :       0       0      0   0.000   0.000      0.0000       1.000
31 Non-bonded restraints              :       0       0      0   0.000   0.000      0.0000       1.000
32 Atomic accessibility restraints    :       0       0      0   0.000   0.000      0.0000       1.000
33 Atomic density restraints          :       0       0      0   0.000   0.000      0.0000       1.000
34 Absolute position restraints       :       0       0      0   0.000   0.000      0.0000       1.000
35 Dihedral angle difference restraint:       0       0      0   0.000   0.000      0.0000       1.000
36 GBSA implicit solvent potential    :       0       0      0   0.000   0.000      0.0000       1.000
37 EM density fitting potential       :       0       0      0   0.000   0.000      0.0000       1.000
38 SAXS restraints                    :       0       0      0   0.000   0.000      0.0000       1.000
39 Symmetry restraints                :       0       0      0   0.000   0.000      0.0000       1.000



# Heavy relative violation of each residue is written to: P11413.V99990003
# The profile is NOT normalized by the number of restraints.
# The profiles are smoothed over a window of residues:    1
# The sum of all numbers in the file:   51890.0391



List of the violated restraints:
   A restraint is violated when the relative difference
   from the best value (RVIOL) is larger than CUTOFF.

   ICSR   ... index of a restraint in the current set.
   RESNO  ... residue numbers of the first two atoms.
   ATM    ... IUPAC atom names of the first two atoms.
   FEAT   ... the value of the feature in the model.
   restr  ... the mean of the basis restraint with the smallest
              difference from the model (local minimum).
   viol   ... difference from the local minimum.
   rviol  ... relative difference from the local minimum.
   RESTR  ... the best value (global minimum).
   VIOL   ... difference from the best value.
   RVIOL  ... relative difference from the best value.


-------------------------------------------------------------------------------------------------

Feature  2                           : Bond angle potential                    
List of the RVIOL violations larger than   :       4.5000

    #   ICSR  RESNO1/2 ATM1/2   INDATM1/2    FEAT   restr    viol   rviol   RESTR    VIOL   RVIOL
    1   6192 172P 172P N   CA   1382 1383  130.71  108.20   22.51    5.12  108.20   22.51    5.12

-------------------------------------------------------------------------------------------------

Feature 10                           : Distance restraints 2 (N-O)             
List of the RVIOL violations larger than   :       4.5000

    #   ICSR  RESNO1/2 ATM1/2   INDATM1/2    FEAT   restr    viol   rviol   RESTR    VIOL   RVIOL
    1  30146 141A 172P N   O    1136 1388   13.77   11.17    2.61    4.52   11.17    2.61    4.52
    2  30193 143P 172P N   O    1149 1388   11.86    8.74    3.12    5.59    8.74    3.12    5.59
    3  30205 144P 172P N   O    1156 1388    9.12    5.86    3.26    7.22    5.86    3.26    7.22
    4  30240 146V 172P N   O    1170 1388   12.60    9.35    3.24    6.00    9.35    3.24    6.00
    5  30261 147Y 172P N   O    1177 1388   11.79    8.51    3.28    5.82    8.51    3.28    5.82
    6  31773 209Q 203L N   O    1693 1655    7.49    4.85    2.64    5.29    4.85    2.64    5.29
    7  31797 210N 203L N   O    1702 1655   10.03    7.31    2.71    5.27    7.31    2.71    5.27
    8  31817 211L 203L N   O    1710 1655   11.48    8.85    2.63    4.76    8.85    2.63    4.76
    9  31845 212M 203L N   O    1718 1655   12.39    9.58    2.81    4.54    9.58    2.81    4.54
   10  33440 274E 278S N   O    2220 2255   13.40   10.64    2.76    4.97   10.64    2.76    4.97
   11  33468 275K 278S N   O    2229 2255   11.35    8.74    2.61    4.84    8.74    2.61    4.84
   12  33486 276P 278S N   O    2238 2255    7.96    5.21    2.75    6.11    5.21    2.75    6.11
   13  33599 284V 278S N   O    2293 2255    6.93    4.47    2.46    4.69    4.47    2.46    4.69
   14  33668 287E 278S N   O    2319 2255   11.22    8.49    2.74    5.10    8.49    2.74    5.10
   15  33696 288K 278S N   O    2328 2255   12.88    9.96    2.92    5.49    9.96    2.92    5.49

-------------------------------------------------------------------------------------------------

Feature 25                           : Phi/Psi pair of dihedral restraints     
List of the RVIOL violations larger than   :       6.5000

    #   ICSR  RESNO1/2 ATM1/2   INDATM1/2    FEAT   restr    viol   rviol   RESTR    VIOL   RVIOL
    1  14600   1M   2A C   N       7    9  -73.13  -68.20    6.30    0.40  -62.50  170.21   28.43
    1          2A   2A N   CA      9   10  149.23  145.30                  -40.90
    2  14601   2A   3E C   N      12   14  -68.76  -69.30    0.62    0.06  -63.60  176.96   23.88
    2          3E   3E N   CA     14   15  142.81  142.50                  -40.30
    3  14602   3E   4Q C   N      21   23  -72.42  -73.00   12.96    0.86  -63.80  166.28   24.90
    3          4Q   4Q N   CA     23   24  153.65  140.70                  -40.30
    4  14604   5V   6A C   N      37   39  166.48 -134.00   63.96    1.47  -62.50 -161.82   39.24
    4          6A   6A N   CA     39   40  170.42  147.00                  -40.90
    5  14605   6A   7L C   N      42   44  -94.88 -108.50   26.18    1.24  -63.50  154.57   19.89
    5          7L   7L N   CA     44   45  110.15  132.50                  -41.20
    6  14606   7L   8S C   N      50   52 -160.60 -136.60   26.19    0.82  -64.10 -170.30   20.70
    6          8S   8S N   CA     52   53  161.68  151.20                  -35.00
    7  14607   8S   9R C   N      56   58 -106.08 -125.20   25.40    0.76  -63.00  170.52   20.49
    7          9R   9R N   CA     58   59  123.89  140.60                  -41.10
    8  14608   9R  10T C   N      67   69 -113.57 -124.80   29.67    0.98  -63.20  165.96   18.43
    8         10T  10T N   CA     69   70  116.03  143.50                  -42.10
    9  14609  10T  11Q C   N      74   76 -157.51 -121.10   52.02    1.70  -63.80  170.83   29.85
    9         11Q  11Q N   CA     76   77  176.86  139.70                  -40.30
   10  14612  13C  14G C   N      96   98  126.87   78.70   49.28    2.20   82.20 -179.41   10.93
   10         14G  14G N   CA     98   99 -176.52 -166.10                    8.50
   11  14614  15I  16L C   N     108  110 -122.29 -108.50   13.86    0.64  -63.50 -175.29   23.03
   11         16L  16L N   CA    110  111  133.90  132.50                  -41.20
   12  14615  16L  17R C   N     116  118 -109.78 -125.20   24.54    0.79  -63.00  169.20   20.14
   12         17R  17R N   CA    118  119  121.50  140.60                  -41.10
   13  14616  17R  18E C   N     127  129  -89.18  -69.30   26.12    1.46  -63.60  162.29   23.08
   13         18E  18E N   CA    129  130  159.44  142.50                  -40.30
   14  14617  18E  19E C   N     136  138  -69.46  -69.30    0.60    0.05  -63.60  177.88   24.04
   14         19E  19E N   CA    138  139  141.92  142.50                  -40.30
   15  14618  19E  20L C   N     145  147 -110.29 -108.50    2.50    0.14  -63.50  178.20   22.53
   15         20L  20L N   CA    147  148  130.75  132.50                  -41.20
   16  14619  20L  21F C   N     153  155 -121.04 -124.20    3.38    0.10  -63.20 -177.04   29.24
   16         21F  21F N   CA    155  156  142.12  143.30                  -44.30
   17  14620  21F  22Q C   N     164  166 -141.62 -121.10   37.76    1.36  -63.80  167.47   28.66
   17         22Q  22Q N   CA    166  167  171.40  139.70                  -40.30
   18  14621  22Q  23G C   N     173  175  -99.87  -80.20   89.92    4.53   82.20 -165.79   14.99
   18         23G  23G N   CA    175  176   86.36  174.10                    8.50
   19  14622  23G  24D C   N     177  179 -140.43  -96.50   68.81    2.89  -63.30  171.21   26.10
   19         24D  24D N   CA    179  180  167.15  114.20                  -40.00
   20  14623  24D  25A C   N     185  187  -68.79  -68.20    4.41    0.33  -62.50  169.54   28.10
   20         25A  25A N   CA    187  188  149.68  145.30                  -40.90
   21  14624  25A  26F C   N     190  192  -71.60  -71.40    2.94    0.24  -63.20  178.13   25.30
   21         26F  26F N   CA    192  193  137.76  140.70                  -44.30
   22  14739 140L 141A C   N    1134 1136 -101.68 -134.00   83.82    3.77  -62.50  117.29   17.77
   22        141A 141A N   CA   1136 1137   69.66  147.00                  -40.90
   23  14770 171K 172P C   N    1380 1382  -71.02  -58.70   14.26    1.29  -64.50  170.64   13.08
   23        172P 172P N   CA   1382 1383  -23.32  -30.50                  147.20
   24  14771 172P 173F C   N    1387 1389   56.18  -71.40  152.73    8.59 -124.20 -160.61   10.09
   24        173F 173F N   CA   1389 1390   56.74  140.70                  143.30
   25  14801 202Y 203L C   N    1646 1648  -68.73  -70.70    7.99    0.54  -63.50  175.13   24.02
   25        203L 203L N   CA   1648 1649  133.85  141.60                  -41.20
   26  14802 203L 204G C   N    1654 1656  116.83   82.20   48.27    1.53  -62.40  179.95   32.75
   26        204G 204G N   CA   1656 1657  -25.14    8.50                  -41.20
   27  14844 245G 246R C   N    1992 1994 -108.54 -125.20   88.41    3.88  -63.00  105.23   11.99
   27        246R 246R N   CA   1994 1995   53.77  140.60                  -41.10
   28  14860 261Q 262N C   N    2125 2127 -109.97  -63.20   55.45    9.12  -63.20   55.45    9.12
   28        262N 262N N   CA   2127 2128  -70.89  -41.10                  -41.10
   29  14877 278S 279T C   N    2254 2256   50.94   55.90   30.78    2.53  -63.20  125.10   21.43
   29        279T 279T N   CA   2256 2257    9.12   39.50                  -42.10
   30  14900 301N 302N C   N    2433 2435 -101.21  -63.20   90.29    9.77  -63.20   90.29    9.77
   30        302N 302N N   CA   2435 2436   40.80  -41.10                  -41.10
   31  14911 312P 313D C   N    2514 2516 -104.31  -63.30   76.48    8.15  -63.30   76.48    8.15
   31        313D 313D N   CA   2516 2517   24.56  -40.00                  -40.00
   32  14948 349W 350D C   N    2797 2799   13.60  -63.30  113.81   12.65  -70.90  120.43    9.72
   32        350D 350D N   CA   2799 2800 -123.90  -40.00                  150.30
   33  14949 350D 351G C   N    2805 2807  -62.35  -62.40   23.61    3.53   82.20  146.89   10.69
   33        351G 351G N   CA   2807 2808  -17.60  -41.20                    8.50
   34  15110 511N 512P C   N    4140 4142  -70.77  -58.70   12.19    1.64  -64.50  179.51   13.73
   34        512P 512P N   CA   4142 4143  -32.20  -30.50                  147.20
   35  15112 513H 514K C   N    4157 4159  -68.66  -62.90    5.97    0.90   56.60  147.48   18.80
   35        514K 514K N   CA   4159 4160  -39.24  -40.80                   38.60


report______> Distribution of short non-bonded contacts:


DISTANCE1:  0.00 2.10 2.20 2.30 2.40 2.50 2.60 2.70 2.80 2.90 3.00 3.10 3.20 3.30 3.40
DISTANCE2:  2.10 2.20 2.30 2.40 2.50 2.60 2.70 2.80 2.90 3.00 3.10 3.20 3.30 3.40 3.50
FREQUENCY:     0    0    0    0    0   19   51  110  241  343  325  417  580  631  664


<< end of ENERGY.

>> Summary of successfully produced models:
Filename                          molpdf
----------------------------------------
P11413.B99990001.pdb         22870.92383
P11413.B99990002.pdb         22728.62305
P11413.B99990003.pdb         22961.27344

Total CPU time [seconds]                                 :      80.28
